<?xml version="1.0" encoding="UTF-8"?>
<!-- Generated by org.testng.reporters.JUnitXMLReporter -->
<testsuite ignored="0" hostname="Aditya" failures="0" tests="5" name="Default test" time="104.82" errors="0" timestamp="2023-03-30T01:21:48 EDT">
  <testcase classname="com.crm.qa.testcases.TaskPageTest" name="verifyTaskPageTest" time="0.051"/>
  <testcase classname="com.crm.qa.testcases.TaskPageTest" name="addNewTaskTest" time="3.824"/>
  <testcase classname="com.crm.qa.testcases.TaskPageTest" name="addNewTaskTest" time="3.824"/>
  <testcase classname="com.crm.qa.testcases.TaskPageTest" name="addNewTaskTest" time="3.835"/>
  <testcase classname="com.crm.qa.testcases.TaskPageTest" name="addNewTaskTest" time="3.608"/>
</testsuite> <!-- Default test -->
