<?xml version="1.0" encoding="UTF-8"?>
<!-- Generated by org.testng.reporters.JUnitXMLReporter -->
<testsuite ignored="0" hostname="Aditya" failures="0" tests="6" name="SanityFreeCRMtestcases" time="81.887" errors="0" timestamp="2023-03-30T06:24:21 EDT">
  <testcase classname="com.crm.qa.testcases.LoginPageTest" name="loginPageTitleTest" time="0.019"/>
  <testcase classname="com.crm.qa.testcases.LoginPageTest" name="crmlogoImageTest" time="0.045"/>
  <testcase classname="com.crm.qa.testcases.LoginPageTest" name="Login" time="9.476"/>
  <testcase classname="com.crm.qa.testcases.HomePageTest" name="verifyingHomePageTitleTest" time="0.004"/>
  <testcase classname="com.crm.qa.testcases.HomePageTest" name="verifyingHomePageUsername" time="0.046"/>
  <testcase classname="com.crm.qa.testcases.HomePageTest" name="verifyContactsLinkTest" time="1.234"/>
</testsuite> <!-- SanityFreeCRMtestcases -->
